2025-10-27 17:24:21, MOVE, v:1, k:poo@tamagotchi, mode:PICK
2025-10-27 17:24:23, EXEC, v:1, k:poo@tamagotchi, mode:FULL, rate:0, size:104
2025-10-27 18:01:06, EXEC, v:1, k:poo@tamagotchi, mode:FULL, rate:0, size:108
2025-10-27 18:01:09, EXEC, v:1, k:poo@tamagotchi, mode:FULL, rate:0
2025-10-27 18:11:22, EXEC, v:1, k:poo@tamagotchi, mode:FULL, rate:0, size:108
2025-10-27 18:15:18, EXEC, v:1, k:poo@tamagotchi, mode:FULL, rate:0, size:111
2025-10-27 18:33:42, EXEC, v:1, k:poo@tamagotchi, mode:FULL, rate:75, size:128
2025-10-27 18:34:14, EXEC, v:1, k:poo@tamagotchi, mode:FULL, rate:75
2025-10-27 18:34:46, MOVE, v:1, k:poo@tamagotchi, mode:PICK
2025-10-27 18:34:50, EXEC, v:1, k:poo@tamagotchi, mode:FULL, rate:75
2025-10-27 18:37:22, EXEC, v:1, k:poo@tamagotchi, mode:FULL, rate:75, size:130
2025-10-27 18:43:40, EXEC, v:1, k:poo@tamagotchi, mode:FULL, rate:75, size:133
2025-10-27 18:51:32, MOVE, v:1, k:poo@tamagotchi, mode:PICK
2025-10-27 18:51:35, EXEC, v:1, k:poo@tamagotchi, mode:FULL, rate:75, size:135
2025-10-27 18:58:57, MOVE, v:1, k:poo@tamagotchi, mode:PICK
2025-10-27 18:59:13, EXEC, v:1, k:poo@tamagotchi, mode:FULL, rate:87, size:137
2025-10-27 18:59:27, EXEC, v:1, k:poo@tamagotchi, mode:FULL, rate:87
2025-10-27 18:59:41, EXEC, v:1, k:poo@tamagotchi, mode:FULL, rate:87
2025-10-27 19:04:35, EXEC, v:1, k:poo@tamagotchi, mode:FULL, rate:100, size:134
2025-10-27 19:04:46, MOVE, v:1, k:poo@tamagotchi, mode:BACK
2025-10-27 19:12:50, MOVE, v:1, k:poo@tamagotchi, mode:PICK
2025-10-27 19:12:54, EXEC, v:1, k:poo@tamagotchi, mode:FULL, rate:100
2025-10-27 19:12:59, MOVE, v:1, k:poo@tamagotchi, mode:BACK
2025-10-27 19:14:14, SELF, v:1, k:poo@tamagotchi, rate:100, alone:10, study:420
2025-10-27 21:06:07, MOVE, v:1, k:poo@motouber, mode:PICK
2025-10-27 21:06:09, EXEC, v:1, k:poo@motouber, mode:FULL, rate:100, size:127
2025-10-27 21:06:16, MOVE, v:1, k:poo@motouber, mode:BACK
2025-10-27 21:06:48, SELF, v:1, k:poo@motouber, rate:100, alone:10, study:360
2025-10-27 22:20:38, MOVE, v:1, k:poo@notebook, mode:PICK
2025-10-27 22:20:45, EXEC, v:1, k:poo@notebook, mode:LOCK, rate:0, size:154
2025-10-27 22:21:56, EXEC, v:1, k:poo@notebook, mode:FREE
2025-10-27 22:26:00, EXEC, v:1, k:poo@notebook, mode:LOCK, rate:0, size:154
2025-10-27 22:26:02, EXEC, v:1, k:poo@notebook, mode:FREE
2025-10-27 22:30:47, MOVE, v:1, k:poo@notebook, mode:PICK
2025-10-27 22:30:52, EXEC, v:1, k:poo@notebook, mode:FREE
2025-10-27 22:33:19, MOVE, v:1, k:poo@notebook, mode:BACK
2025-10-27 22:33:24, MOVE, v:1, k:poo@charger, mode:DOWN
2025-10-27 22:33:25, MOVE, v:1, k:poo@charger, mode:PICK
2025-10-27 22:33:41, EXEC, v:1, k:poo@charger, mode:FULL, rate:0, size:0
2025-10-27 22:38:48, MOVE, v:1, k:poo@charger, mode:BACK
2025-10-27 22:38:52, MOVE, v:1, k:poo@notebook, mode:PICK
2025-10-27 22:38:53, EXEC, v:1, k:poo@notebook, mode:LOCK, rate:0
2025-10-27 22:39:29, EXEC, v:1, k:poo@notebook, mode:FREE
2025-10-27 22:47:27, MOVE, v:1, k:poo@notebook, mode:BACK
2025-10-27 22:47:31, MOVE, v:1, k:poo@charger, mode:PICK
2025-10-27 22:47:36, EXEC, v:1, k:poo@charger, mode:FULL, rate:100, size:152
2025-10-27 22:47:51, MOVE, v:1, k:poo@charger, mode:BACK
2025-10-27 22:48:04, SELF, v:1, k:poo@charger, rate:100, alone:10, study:20
2025-10-27 22:49:03, MOVE, v:1, k:poo@notebook, mode:PICK
2025-10-27 22:49:05, EXEC, v:1, k:poo@notebook, mode:FREE
2025-10-27 22:50:49, MOVE, v:1, k:poo@notebook, mode:BACK
2025-10-27 22:51:30, SELF, v:1, k:poo@notebook, rate:100, alone:10, study:1320
