2025-10-26 16:35:15, MOVE, v:1, k:poo@grafite, mode:PICK
2025-10-26 16:35:16, EXEC, v:1, k:poo@grafite, mode:FULL, rate:0, size:97
2025-10-26 16:35:17, EXEC, v:1, k:poo@grafite, mode:FULL, rate:0, size:97
2025-10-26 16:38:08, EXEC, v:1, k:poo@grafite, mode:FULL, rate:20, size:97
2025-10-26 16:41:31, EXEC, v:1, k:poo@grafite, mode:FULL, rate:80, size:100
2025-10-26 16:42:18, EXEC, v:1, k:poo@grafite, mode:FULL, rate:90, size:100
2025-10-26 16:42:30, EXEC, v:1, k:poo@grafite, mode:FULL, rate:90
2025-10-26 16:42:38, EXEC, v:1, k:poo@grafite, mode:FULL, rate:90
2025-10-26 16:43:37, EXEC, v:1, k:poo@grafite, mode:FULL, rate:100, size:100
2025-10-26 16:43:42, MOVE, v:1, k:poo@grafite, mode:BACK
2025-10-26 16:46:19, SELF, v:1, k:poo@grafite, rate:100, alone:10, study:407
2025-10-26 18:29:16, MOVE, v:1, k:poo@motoca, mode:PICK
2025-10-26 18:29:18, EXEC, v:1, k:poo@motoca, mode:FULL, rate:0, size:110
2025-10-26 18:30:58, EXEC, v:1, k:poo@motoca, mode:FULL, rate:6, size:110
2025-10-26 18:37:42, EXEC, v:1, k:poo@motoca, mode:FULL, rate:66, size:110
2025-10-26 18:40:40, EXEC, v:1, k:poo@motoca, mode:FULL, rate:100, size:112
2025-10-26 18:40:48, MOVE, v:1, k:poo@motoca, mode:BACK
2025-10-26 18:41:38, SELF, v:1, k:poo@motoca, rate:100, alone:10, study:516
2025-10-26 18:44:19, MOVE, v:1, k:poo@motouber, mode:DOWN
2025-10-26 18:44:19, MOVE, v:1, k:poo@motouber, mode:PICK
2025-10-26 18:44:20, EXEC, v:1, k:poo@motouber, mode:FULL, rate:0, size:0
2025-10-26 18:55:29, MOVE, v:1, k:poo@motouber, mode:BACK
2025-10-26 18:55:49, MOVE, v:1, k:poo@tamagotchi, mode:DOWN
2025-10-26 18:55:49, MOVE, v:1, k:poo@tamagotchi, mode:PICK
2025-10-26 18:55:51, EXEC, v:1, k:poo@tamagotchi, mode:FULL, rate:0, size:0
